<?xml version="1.0" encoding="UTF-8"?>
<!-- Generated by org.testng.reporters.JUnitReportReporter -->
<testsuite skipped="0" hostname="DESKTOP-LG5K4MM" name="sc1" tests="1" failures="0" timestamp="14 Aug 2019 08:22:36 GMT" time="26.844" errors="0">
  <testcase name="m" time="26.844" classname="sc1"/>
</testsuite> <!-- sc1 -->
