<?xml version="1.0" encoding="UTF-8"?>
<!-- Generated by org.testng.reporters.JUnitReportReporter -->
<testsuite skipped="0" hostname="DESKTOP-LG5K4MM" name="sc2" tests="1" failures="0" timestamp="14 Aug 2019 05:09:28 GMT" time="28.975" errors="0">
  <testcase name="mn" time="28.975" classname="sc2"/>
</testsuite> <!-- sc2 -->
