<?xml version="1.0" encoding="UTF-8"?>
<!-- Generated by org.testng.reporters.JUnitReportReporter -->
<testsuite skipped="0" hostname="DESKTOP-LG5K4MM" name="sc5" tests="1" failures="0" timestamp="14 Aug 2019 11:34:30 GMT" time="54.037" errors="0">
  <testcase name="m" time="54.037" classname="sc5"/>
</testsuite> <!-- sc5 -->
