<?xml version="1.0" encoding="UTF-8"?>
<!-- Generated by org.testng.reporters.JUnitReportReporter -->
<testsuite skipped="0" hostname="DESKTOP-LG5K4MM" name="sc7" tests="1" failures="0" timestamp="14 Aug 2019 11:26:48 GMT" time="15.656" errors="0">
  <testcase name="m" time="15.656" classname="sc7"/>
</testsuite> <!-- sc7 -->
